<?xml version="1.0" encoding="UTF-8"?>
<testsuite name="com.ahmed.Calculator.CalculatorApplicationTests" tests="1" skipped="0" failures="0" errors="0" timestamp="2023-03-17T16:08:24" hostname="MBPsomthorAhmed" time="0.838">
  <properties/>
  <testcase name="getOKSum()" classname="com.ahmed.Calculator.CalculatorApplicationTests" time="0.838"/>
  <system-out><![CDATA[17:08:20.672 [Test worker] DEBUG org.springframework.test.context.BootstrapUtils - Instantiating CacheAwareContextLoaderDelegate from class [org.springframework.test.context.cache.DefaultCacheAwareContextLoaderDelegate]
17:08:20.682 [Test worker] DEBUG org.springframework.test.context.BootstrapUtils - Instantiating BootstrapContext using constructor [public org.springframework.test.context.support.DefaultBootstrapContext(java.lang.Class,org.springframework.test.context.CacheAwareContextLoaderDelegate)]
17:08:20.726 [Test worker] DEBUG org.springframework.test.context.BootstrapUtils - Instantiating TestContextBootstrapper for test class [com.ahmed.Calculator.CalculatorApplicationTests] from class [org.springframework.boot.test.context.SpringBootTestContextBootstrapper]
17:08:20.737 [Test worker] INFO org.springframework.boot.test.context.SpringBootTestContextBootstrapper - Neither @ContextConfiguration nor @ContextHierarchy found for test class [com.ahmed.Calculator.CalculatorApplicationTests], using SpringBootContextLoader
17:08:20.742 [Test worker] DEBUG org.springframework.test.context.support.AbstractContextLoader - Did not detect default resource location for test class [com.ahmed.Calculator.CalculatorApplicationTests]: class path resource [com/ahmed/Calculator/CalculatorApplicationTests-context.xml] does not exist
17:08:20.743 [Test worker] DEBUG org.springframework.test.context.support.AbstractContextLoader - Did not detect default resource location for test class [com.ahmed.Calculator.CalculatorApplicationTests]: class path resource [com/ahmed/Calculator/CalculatorApplicationTestsContext.groovy] does not exist
17:08:20.743 [Test worker] INFO org.springframework.test.context.support.AbstractContextLoader - Could not detect default resource locations for test class [com.ahmed.Calculator.CalculatorApplicationTests]: no resource found for suffixes {-context.xml, Context.groovy}.
17:08:20.743 [Test worker] INFO org.springframework.test.context.support.AnnotationConfigContextLoaderUtils - Could not detect default configuration classes for test class [com.ahmed.Calculator.CalculatorApplicationTests]: CalculatorApplicationTests does not declare any static, non-private, non-final, nested classes annotated with @Configuration.
17:08:20.805 [Test worker] DEBUG org.springframework.test.context.support.ActiveProfilesUtils - Could not find an 'annotation declaring class' for annotation type [org.springframework.test.context.ActiveProfiles] and class [com.ahmed.Calculator.CalculatorApplicationTests]
17:08:20.890 [Test worker] DEBUG org.springframework.context.annotation.ClassPathScanningCandidateComponentProvider - Identified candidate component class: file [/Users/ahmedhb/Course/Continuous-Delivery-With-Docker-and-Jenkins-3rd-Edition/Chapter04/test1SpringBootPipeline/Calculator/build/classes/java/main/com/ahmed/Calculator/CalculatorApplication.class]
17:08:20.907 [Test worker] INFO org.springframework.boot.test.context.SpringBootTestContextBootstrapper - Found @SpringBootConfiguration com.ahmed.Calculator.CalculatorApplication for test class com.ahmed.Calculator.CalculatorApplicationTests
17:08:20.985 [Test worker] DEBUG org.springframework.boot.test.context.SpringBootTestContextBootstrapper - @TestExecutionListeners is not present for class [com.ahmed.Calculator.CalculatorApplicationTests]: using defaults.
17:08:20.985 [Test worker] INFO org.springframework.boot.test.context.SpringBootTestContextBootstrapper - Loaded default TestExecutionListener class names from location [META-INF/spring.factories]: [org.springframework.boot.test.autoconfigure.restdocs.RestDocsTestExecutionListener, org.springframework.boot.test.autoconfigure.web.client.MockRestServiceServerResetTestExecutionListener, org.springframework.boot.test.autoconfigure.web.servlet.MockMvcPrintOnlyOnFailureTestExecutionListener, org.springframework.boot.test.autoconfigure.web.servlet.WebDriverTestExecutionListener, org.springframework.boot.test.autoconfigure.webservices.client.MockWebServiceServerTestExecutionListener, org.springframework.boot.test.mock.mockito.MockitoTestExecutionListener, org.springframework.boot.test.mock.mockito.ResetMocksTestExecutionListener, org.springframework.test.context.web.ServletTestExecutionListener, org.springframework.test.context.support.DirtiesContextBeforeModesTestExecutionListener, org.springframework.test.context.event.ApplicationEventsTestExecutionListener, org.springframework.test.context.support.DependencyInjectionTestExecutionListener, org.springframework.test.context.support.DirtiesContextTestExecutionListener, org.springframework.test.context.transaction.TransactionalTestExecutionListener, org.springframework.test.context.jdbc.SqlScriptsTestExecutionListener, org.springframework.test.context.event.EventPublishingTestExecutionListener]
17:08:20.993 [Test worker] DEBUG org.springframework.boot.test.context.SpringBootTestContextBootstrapper - Skipping candidate TestExecutionListener [org.springframework.test.context.web.ServletTestExecutionListener] due to a missing dependency. Specify custom listener classes or make the default listener classes and their required dependencies available. Offending class: [javax/servlet/ServletContext]
17:08:20.995 [Test worker] DEBUG org.springframework.boot.test.context.SpringBootTestContextBootstrapper - Skipping candidate TestExecutionListener [org.springframework.test.context.transaction.TransactionalTestExecutionListener] due to a missing dependency. Specify custom listener classes or make the default listener classes and their required dependencies available. Offending class: [org/springframework/transaction/interceptor/TransactionAttributeSource]
17:08:20.996 [Test worker] DEBUG org.springframework.boot.test.context.SpringBootTestContextBootstrapper - Skipping candidate TestExecutionListener [org.springframework.test.context.jdbc.SqlScriptsTestExecutionListener] due to a missing dependency. Specify custom listener classes or make the default listener classes and their required dependencies available. Offending class: [org/springframework/transaction/interceptor/TransactionAttribute]
17:08:20.997 [Test worker] INFO org.springframework.boot.test.context.SpringBootTestContextBootstrapper - Using TestExecutionListeners: [org.springframework.test.context.support.DirtiesContextBeforeModesTestExecutionListener@4721d212, org.springframework.test.context.event.ApplicationEventsTestExecutionListener@1b065145, org.springframework.boot.test.mock.mockito.MockitoTestExecutionListener@45cff11c, org.springframework.boot.test.autoconfigure.SpringBootDependencyInjectionTestExecutionListener@207ea13, org.springframework.test.context.support.DirtiesContextTestExecutionListener@4bff1903, org.springframework.test.context.event.EventPublishingTestExecutionListener@62dae540, org.springframework.boot.test.autoconfigure.restdocs.RestDocsTestExecutionListener@5827af16, org.springframework.boot.test.autoconfigure.web.client.MockRestServiceServerResetTestExecutionListener@654d8173, org.springframework.boot.test.autoconfigure.web.servlet.MockMvcPrintOnlyOnFailureTestExecutionListener@56c9bbd8, org.springframework.boot.test.autoconfigure.web.servlet.WebDriverTestExecutionListener@630cb4a4, org.springframework.boot.test.autoconfigure.webservices.client.MockWebServiceServerTestExecutionListener@636e8cc, org.springframework.boot.test.mock.mockito.ResetMocksTestExecutionListener@f79a760]
17:08:21.000 [Test worker] DEBUG org.springframework.test.context.support.AbstractDirtiesContextTestExecutionListener - Before test class: context [DefaultTestContext@7a8fa663 testClass = CalculatorApplicationTests, testInstance = [null], testMethod = [null], testException = [null], mergedContextConfiguration = [ReactiveWebMergedContextConfiguration@5ce33a58 testClass = CalculatorApplicationTests, locations = '{}', classes = '{class com.ahmed.Calculator.CalculatorApplication}', contextInitializerClasses = '[]', activeProfiles = '{}', propertySourceLocations = '{}', propertySourceProperties = '{org.springframework.boot.test.context.SpringBootTestContextBootstrapper=true, server.port=0}', contextCustomizers = set[org.springframework.boot.test.autoconfigure.actuate.metrics.MetricsExportContextCustomizerFactory$DisableMetricExportContextCustomizer@12359a82, org.springframework.boot.test.autoconfigure.properties.PropertyMappingContextCustomizer@0, org.springframework.boot.test.autoconfigure.web.servlet.WebDriverContextCustomizerFactory$Customizer@600b90df, org.springframework.boot.test.context.filter.ExcludeFilterContextCustomizer@78d6692f, org.springframework.boot.test.json.DuplicateJsonObjectContextCustomizerFactory$DuplicateJsonObjectContextCustomizer@492691d7, org.springframework.boot.test.mock.mockito.MockitoContextCustomizer@0, org.springframework.boot.test.web.client.TestRestTemplateContextCustomizer@60df60da, org.springframework.boot.test.web.reactive.server.WebTestClientContextCustomizer@e383572, org.springframework.boot.test.context.SpringBootTestArgs@1, org.springframework.boot.test.context.SpringBootTestWebEnvironment@37883b97], contextLoader = 'org.springframework.boot.test.context.SpringBootContextLoader', parent = [null]], attributes = map['org.springframework.test.context.web.ServletTestExecutionListener.activateListener' -> false]], class annotated with @DirtiesContext [false] with mode [null].
17:08:21.022 [Test worker] DEBUG org.springframework.test.context.support.DependencyInjectionTestExecutionListener - Performing dependency injection for test context [[DefaultTestContext@7a8fa663 testClass = CalculatorApplicationTests, testInstance = com.ahmed.Calculator.CalculatorApplicationTests@4763c727, testMethod = [null], testException = [null], mergedContextConfiguration = [ReactiveWebMergedContextConfiguration@5ce33a58 testClass = CalculatorApplicationTests, locations = '{}', classes = '{class com.ahmed.Calculator.CalculatorApplication}', contextInitializerClasses = '[]', activeProfiles = '{}', propertySourceLocations = '{}', propertySourceProperties = '{org.springframework.boot.test.context.SpringBootTestContextBootstrapper=true, server.port=0}', contextCustomizers = set[org.springframework.boot.test.autoconfigure.actuate.metrics.MetricsExportContextCustomizerFactory$DisableMetricExportContextCustomizer@12359a82, org.springframework.boot.test.autoconfigure.properties.PropertyMappingContextCustomizer@0, org.springframework.boot.test.autoconfigure.web.servlet.WebDriverContextCustomizerFactory$Customizer@600b90df, org.springframework.boot.test.context.filter.ExcludeFilterContextCustomizer@78d6692f, org.springframework.boot.test.json.DuplicateJsonObjectContextCustomizerFactory$DuplicateJsonObjectContextCustomizer@492691d7, org.springframework.boot.test.mock.mockito.MockitoContextCustomizer@0, org.springframework.boot.test.web.client.TestRestTemplateContextCustomizer@60df60da, org.springframework.boot.test.web.reactive.server.WebTestClientContextCustomizer@e383572, org.springframework.boot.test.context.SpringBootTestArgs@1, org.springframework.boot.test.context.SpringBootTestWebEnvironment@37883b97], contextLoader = 'org.springframework.boot.test.context.SpringBootContextLoader', parent = [null]], attributes = map['org.springframework.test.context.web.ServletTestExecutionListener.activateListener' -> false, 'org.springframework.test.context.event.ApplicationEventsTestExecutionListener.recordApplicationEvents' -> false]]].

  .   ____          _            __ _ _
 /\\ / ___'_ __ _ _(_)_ __  __ _ \ \ \ \
( ( )\___ | '_ | '_| | '_ \/ _` | \ \ \ \
 \\/  ___)| |_)| | | | | || (_| |  ) ) ) )
  '  |____| .__|_| |_|_| |_\__, | / / / /
 =========|_|==============|___/=/_/_/_/
 :: Spring Boot ::                (v2.7.5)

2023-03-17 17:08:21.478  INFO 78194 --- [    Test worker] c.a.C.CalculatorApplicationTests         : Starting CalculatorApplicationTests using Java 16.0.2 on MBPsomthorAhmed with PID 78194 (started by ahmedhb in /Users/ahmedhb/Course/Continuous-Delivery-With-Docker-and-Jenkins-3rd-Edition/Chapter04/test1SpringBootPipeline/Calculator)
2023-03-17 17:08:21.482  INFO 78194 --- [    Test worker] c.a.C.CalculatorApplicationTests         : No active profile set, falling back to 1 default profile: "default"
2023-03-17 17:08:23.955  INFO 78194 --- [    Test worker] o.s.b.a.e.web.EndpointLinksResolver      : Exposing 1 endpoint(s) beneath base path '/actuator'
2023-03-17 17:08:24.647  INFO 78194 --- [    Test worker] o.s.b.web.embedded.netty.NettyWebServer  : Netty started on port 62706
2023-03-17 17:08:24.668  INFO 78194 --- [    Test worker] c.a.C.CalculatorApplicationTests         : Started CalculatorApplicationTests in 3.619 seconds (JVM running for 4.964)
]]></system-out>
  <system-err><![CDATA[]]></system-err>
</testsuite>
