<?xml version="1.0" encoding="UTF-8"?>
<testsuite name="com.ahmed.Calculator.CalculatorApplicationTests" tests="3" skipped="0" failures="0" errors="0" timestamp="2023-03-17T16:16:30" hostname="MBPsomthorAhmed" time="0.857">
  <properties/>
  <testcase name="testSum()" classname="com.ahmed.Calculator.CalculatorApplicationTests" time="0.431"/>
  <testcase name="contextLoads()" classname="com.ahmed.Calculator.CalculatorApplicationTests" time="0.005"/>
  <testcase name="getOKSum()" classname="com.ahmed.Calculator.CalculatorApplicationTests" time="0.412"/>
  <system-out><![CDATA[17:16:27.105 [Test worker] DEBUG org.springframework.test.context.BootstrapUtils - Instantiating CacheAwareContextLoaderDelegate from class [org.springframework.test.context.cache.DefaultCacheAwareContextLoaderDelegate]
17:16:27.117 [Test worker] DEBUG org.springframework.test.context.BootstrapUtils - Instantiating BootstrapContext using constructor [public org.springframework.test.context.support.DefaultBootstrapContext(java.lang.Class,org.springframework.test.context.CacheAwareContextLoaderDelegate)]
17:16:27.158 [Test worker] DEBUG org.springframework.test.context.BootstrapUtils - Instantiating TestContextBootstrapper for test class [com.ahmed.Calculator.CalculatorApplicationTests] from class [org.springframework.boot.test.context.SpringBootTestContextBootstrapper]
17:16:27.168 [Test worker] INFO org.springframework.boot.test.context.SpringBootTestContextBootstrapper - Neither @ContextConfiguration nor @ContextHierarchy found for test class [com.ahmed.Calculator.CalculatorApplicationTests], using SpringBootContextLoader
17:16:27.172 [Test worker] DEBUG org.springframework.test.context.support.AbstractContextLoader - Did not detect default resource location for test class [com.ahmed.Calculator.CalculatorApplicationTests]: class path resource [com/ahmed/Calculator/CalculatorApplicationTests-context.xml] does not exist
17:16:27.173 [Test worker] DEBUG org.springframework.test.context.support.AbstractContextLoader - Did not detect default resource location for test class [com.ahmed.Calculator.CalculatorApplicationTests]: class path resource [com/ahmed/Calculator/CalculatorApplicationTestsContext.groovy] does not exist
17:16:27.173 [Test worker] INFO org.springframework.test.context.support.AbstractContextLoader - Could not detect default resource locations for test class [com.ahmed.Calculator.CalculatorApplicationTests]: no resource found for suffixes {-context.xml, Context.groovy}.
17:16:27.173 [Test worker] INFO org.springframework.test.context.support.AnnotationConfigContextLoaderUtils - Could not detect default configuration classes for test class [com.ahmed.Calculator.CalculatorApplicationTests]: CalculatorApplicationTests does not declare any static, non-private, non-final, nested classes annotated with @Configuration.
17:16:27.223 [Test worker] DEBUG org.springframework.test.context.support.ActiveProfilesUtils - Could not find an 'annotation declaring class' for annotation type [org.springframework.test.context.ActiveProfiles] and class [com.ahmed.Calculator.CalculatorApplicationTests]
17:16:27.301 [Test worker] DEBUG org.springframework.context.annotation.ClassPathScanningCandidateComponentProvider - Identified candidate component class: file [/Users/ahmedhb/Course/Continuous-Delivery-With-Docker-and-Jenkins-3rd-Edition/Chapter04/test1SpringBootPipeline/Calculator/build/classes/java/main/com/ahmed/Calculator/CalculatorApplication.class]
17:16:27.324 [Test worker] INFO org.springframework.boot.test.context.SpringBootTestContextBootstrapper - Found @SpringBootConfiguration com.ahmed.Calculator.CalculatorApplication for test class com.ahmed.Calculator.CalculatorApplicationTests
17:16:27.387 [Test worker] DEBUG org.springframework.boot.test.context.SpringBootTestContextBootstrapper - @TestExecutionListeners is not present for class [com.ahmed.Calculator.CalculatorApplicationTests]: using defaults.
17:16:27.388 [Test worker] INFO org.springframework.boot.test.context.SpringBootTestContextBootstrapper - Loaded default TestExecutionListener class names from location [META-INF/spring.factories]: [org.springframework.boot.test.autoconfigure.restdocs.RestDocsTestExecutionListener, org.springframework.boot.test.autoconfigure.web.client.MockRestServiceServerResetTestExecutionListener, org.springframework.boot.test.autoconfigure.web.servlet.MockMvcPrintOnlyOnFailureTestExecutionListener, org.springframework.boot.test.autoconfigure.web.servlet.WebDriverTestExecutionListener, org.springframework.boot.test.autoconfigure.webservices.client.MockWebServiceServerTestExecutionListener, org.springframework.boot.test.mock.mockito.MockitoTestExecutionListener, org.springframework.boot.test.mock.mockito.ResetMocksTestExecutionListener, org.springframework.test.context.web.ServletTestExecutionListener, org.springframework.test.context.support.DirtiesContextBeforeModesTestExecutionListener, org.springframework.test.context.event.ApplicationEventsTestExecutionListener, org.springframework.test.context.support.DependencyInjectionTestExecutionListener, org.springframework.test.context.support.DirtiesContextTestExecutionListener, org.springframework.test.context.transaction.TransactionalTestExecutionListener, org.springframework.test.context.jdbc.SqlScriptsTestExecutionListener, org.springframework.test.context.event.EventPublishingTestExecutionListener]
17:16:27.396 [Test worker] DEBUG org.springframework.boot.test.context.SpringBootTestContextBootstrapper - Skipping candidate TestExecutionListener [org.springframework.test.context.web.ServletTestExecutionListener] due to a missing dependency. Specify custom listener classes or make the default listener classes and their required dependencies available. Offending class: [javax/servlet/ServletContext]
17:16:27.401 [Test worker] DEBUG org.springframework.boot.test.context.SpringBootTestContextBootstrapper - Skipping candidate TestExecutionListener [org.springframework.test.context.transaction.TransactionalTestExecutionListener] due to a missing dependency. Specify custom listener classes or make the default listener classes and their required dependencies available. Offending class: [org/springframework/transaction/interceptor/TransactionAttributeSource]
17:16:27.403 [Test worker] DEBUG org.springframework.boot.test.context.SpringBootTestContextBootstrapper - Skipping candidate TestExecutionListener [org.springframework.test.context.jdbc.SqlScriptsTestExecutionListener] due to a missing dependency. Specify custom listener classes or make the default listener classes and their required dependencies available. Offending class: [org/springframework/transaction/interceptor/TransactionAttribute]
17:16:27.403 [Test worker] INFO org.springframework.boot.test.context.SpringBootTestContextBootstrapper - Using TestExecutionListeners: [org.springframework.test.context.support.DirtiesContextBeforeModesTestExecutionListener@609640d5, org.springframework.test.context.event.ApplicationEventsTestExecutionListener@79da1ec0, org.springframework.boot.test.mock.mockito.MockitoTestExecutionListener@19fb8826, org.springframework.boot.test.autoconfigure.SpringBootDependencyInjectionTestExecutionListener@192d74fb, org.springframework.test.context.support.DirtiesContextTestExecutionListener@4bef0fe3, org.springframework.test.context.event.EventPublishingTestExecutionListener@62ea3440, org.springframework.boot.test.autoconfigure.restdocs.RestDocsTestExecutionListener@27953a83, org.springframework.boot.test.autoconfigure.web.client.MockRestServiceServerResetTestExecutionListener@556d0826, org.springframework.boot.test.autoconfigure.web.servlet.MockMvcPrintOnlyOnFailureTestExecutionListener@66ce957f, org.springframework.boot.test.autoconfigure.web.servlet.WebDriverTestExecutionListener@55b5f5d2, org.springframework.boot.test.autoconfigure.webservices.client.MockWebServiceServerTestExecutionListener@5bfa8cc5, org.springframework.boot.test.mock.mockito.ResetMocksTestExecutionListener@666b83a4]
17:16:27.407 [Test worker] DEBUG org.springframework.test.context.support.AbstractDirtiesContextTestExecutionListener - Before test class: context [DefaultTestContext@64dafeed testClass = CalculatorApplicationTests, testInstance = [null], testMethod = [null], testException = [null], mergedContextConfiguration = [ReactiveWebMergedContextConfiguration@388ba540 testClass = CalculatorApplicationTests, locations = '{}', classes = '{class com.ahmed.Calculator.CalculatorApplication}', contextInitializerClasses = '[]', activeProfiles = '{}', propertySourceLocations = '{}', propertySourceProperties = '{org.springframework.boot.test.context.SpringBootTestContextBootstrapper=true, server.port=0}', contextCustomizers = set[org.springframework.boot.test.autoconfigure.actuate.metrics.MetricsExportContextCustomizerFactory$DisableMetricExportContextCustomizer@432038ec, org.springframework.boot.test.autoconfigure.properties.PropertyMappingContextCustomizer@0, org.springframework.boot.test.autoconfigure.web.servlet.WebDriverContextCustomizerFactory$Customizer@6d167f58, org.springframework.boot.test.context.filter.ExcludeFilterContextCustomizer@19c65cdc, org.springframework.boot.test.json.DuplicateJsonObjectContextCustomizerFactory$DuplicateJsonObjectContextCustomizer@38b27cdc, org.springframework.boot.test.mock.mockito.MockitoContextCustomizer@0, org.springframework.boot.test.web.client.TestRestTemplateContextCustomizer@401f7633, org.springframework.boot.test.web.reactive.server.WebTestClientContextCustomizer@15713d56, org.springframework.boot.test.context.SpringBootTestArgs@1, org.springframework.boot.test.context.SpringBootTestWebEnvironment@4c39bec8], contextLoader = 'org.springframework.boot.test.context.SpringBootContextLoader', parent = [null]], attributes = map['org.springframework.test.context.web.ServletTestExecutionListener.activateListener' -> false]], class annotated with @DirtiesContext [false] with mode [null].
17:16:27.431 [Test worker] DEBUG org.springframework.test.context.support.DependencyInjectionTestExecutionListener - Performing dependency injection for test context [[DefaultTestContext@64dafeed testClass = CalculatorApplicationTests, testInstance = com.ahmed.Calculator.CalculatorApplicationTests@3829ac1, testMethod = [null], testException = [null], mergedContextConfiguration = [ReactiveWebMergedContextConfiguration@388ba540 testClass = CalculatorApplicationTests, locations = '{}', classes = '{class com.ahmed.Calculator.CalculatorApplication}', contextInitializerClasses = '[]', activeProfiles = '{}', propertySourceLocations = '{}', propertySourceProperties = '{org.springframework.boot.test.context.SpringBootTestContextBootstrapper=true, server.port=0}', contextCustomizers = set[org.springframework.boot.test.autoconfigure.actuate.metrics.MetricsExportContextCustomizerFactory$DisableMetricExportContextCustomizer@432038ec, org.springframework.boot.test.autoconfigure.properties.PropertyMappingContextCustomizer@0, org.springframework.boot.test.autoconfigure.web.servlet.WebDriverContextCustomizerFactory$Customizer@6d167f58, org.springframework.boot.test.context.filter.ExcludeFilterContextCustomizer@19c65cdc, org.springframework.boot.test.json.DuplicateJsonObjectContextCustomizerFactory$DuplicateJsonObjectContextCustomizer@38b27cdc, org.springframework.boot.test.mock.mockito.MockitoContextCustomizer@0, org.springframework.boot.test.web.client.TestRestTemplateContextCustomizer@401f7633, org.springframework.boot.test.web.reactive.server.WebTestClientContextCustomizer@15713d56, org.springframework.boot.test.context.SpringBootTestArgs@1, org.springframework.boot.test.context.SpringBootTestWebEnvironment@4c39bec8], contextLoader = 'org.springframework.boot.test.context.SpringBootContextLoader', parent = [null]], attributes = map['org.springframework.test.context.web.ServletTestExecutionListener.activateListener' -> false, 'org.springframework.test.context.event.ApplicationEventsTestExecutionListener.recordApplicationEvents' -> false]]].

  .   ____          _            __ _ _
 /\\ / ___'_ __ _ _(_)_ __  __ _ \ \ \ \
( ( )\___ | '_ | '_| | '_ \/ _` | \ \ \ \
 \\/  ___)| |_)| | | | | || (_| |  ) ) ) )
  '  |____| .__|_| |_|_| |_\__, | / / / /
 =========|_|==============|___/=/_/_/_/
 :: Spring Boot ::                (v2.7.5)

2023-03-17 17:16:27.883  INFO 79301 --- [    Test worker] c.a.C.CalculatorApplicationTests         : Starting CalculatorApplicationTests using Java 16.0.2 on MBPsomthorAhmed with PID 79301 (started by ahmedhb in /Users/ahmedhb/Course/Continuous-Delivery-With-Docker-and-Jenkins-3rd-Edition/Chapter04/test1SpringBootPipeline/Calculator)
2023-03-17 17:16:27.887  INFO 79301 --- [    Test worker] c.a.C.CalculatorApplicationTests         : No active profile set, falling back to 1 default profile: "default"
2023-03-17 17:16:30.233  INFO 79301 --- [    Test worker] o.s.b.a.e.web.EndpointLinksResolver      : Exposing 1 endpoint(s) beneath base path '/actuator'
2023-03-17 17:16:30.823  INFO 79301 --- [    Test worker] o.s.b.web.embedded.netty.NettyWebServer  : Netty started on port 63814
2023-03-17 17:16:30.843  INFO 79301 --- [    Test worker] c.a.C.CalculatorApplicationTests         : Started CalculatorApplicationTests in 3.361 seconds (JVM running for 4.671)
]]></system-out>
  <system-err><![CDATA[]]></system-err>
</testsuite>
