<?xml version="1.0" encoding="UTF-8"?>
<testsuite name="com.ahmed.Calculator.CalculatorApplicationTests" tests="3" skipped="0" failures="0" errors="0" timestamp="2023-03-22T08:41:16" hostname="MacBook-Pro-som-tillhor-Ahmed.local" time="1.281">
  <properties/>
  <testcase name="testSum()" classname="com.ahmed.Calculator.CalculatorApplicationTests" time="0.747"/>
  <testcase name="contextLoads()" classname="com.ahmed.Calculator.CalculatorApplicationTests" time="0.01"/>
  <testcase name="getOKSum()" classname="com.ahmed.Calculator.CalculatorApplicationTests" time="0.512"/>
  <system-out><![CDATA[09:41:10.211 [Test worker] DEBUG org.springframework.test.context.BootstrapUtils - Instantiating CacheAwareContextLoaderDelegate from class [org.springframework.test.context.cache.DefaultCacheAwareContextLoaderDelegate]
09:41:10.229 [Test worker] DEBUG org.springframework.test.context.BootstrapUtils - Instantiating BootstrapContext using constructor [public org.springframework.test.context.support.DefaultBootstrapContext(java.lang.Class,org.springframework.test.context.CacheAwareContextLoaderDelegate)]
09:41:10.324 [Test worker] DEBUG org.springframework.test.context.BootstrapUtils - Instantiating TestContextBootstrapper for test class [com.ahmed.Calculator.CalculatorApplicationTests] from class [org.springframework.boot.test.context.SpringBootTestContextBootstrapper]
09:41:10.358 [Test worker] INFO org.springframework.boot.test.context.SpringBootTestContextBootstrapper - Neither @ContextConfiguration nor @ContextHierarchy found for test class [com.ahmed.Calculator.CalculatorApplicationTests], using SpringBootContextLoader
09:41:10.371 [Test worker] DEBUG org.springframework.test.context.support.AbstractContextLoader - Did not detect default resource location for test class [com.ahmed.Calculator.CalculatorApplicationTests]: class path resource [com/ahmed/Calculator/CalculatorApplicationTests-context.xml] does not exist
09:41:10.372 [Test worker] DEBUG org.springframework.test.context.support.AbstractContextLoader - Did not detect default resource location for test class [com.ahmed.Calculator.CalculatorApplicationTests]: class path resource [com/ahmed/Calculator/CalculatorApplicationTestsContext.groovy] does not exist
09:41:10.372 [Test worker] INFO org.springframework.test.context.support.AbstractContextLoader - Could not detect default resource locations for test class [com.ahmed.Calculator.CalculatorApplicationTests]: no resource found for suffixes {-context.xml, Context.groovy}.
09:41:10.374 [Test worker] INFO org.springframework.test.context.support.AnnotationConfigContextLoaderUtils - Could not detect default configuration classes for test class [com.ahmed.Calculator.CalculatorApplicationTests]: CalculatorApplicationTests does not declare any static, non-private, non-final, nested classes annotated with @Configuration.
09:41:10.527 [Test worker] DEBUG org.springframework.test.context.support.ActiveProfilesUtils - Could not find an 'annotation declaring class' for annotation type [org.springframework.test.context.ActiveProfiles] and class [com.ahmed.Calculator.CalculatorApplicationTests]
09:41:10.691 [Test worker] DEBUG org.springframework.context.annotation.ClassPathScanningCandidateComponentProvider - Identified candidate component class: file [/Users/ahmedhb/Course/Continuous-Delivery-With-Docker-and-Jenkins-3rd-Edition/Chapter05/test2MorePipeline/Calculator/build/classes/java/main/com/ahmed/Calculator/CalculatorApplication.class]
09:41:10.708 [Test worker] INFO org.springframework.boot.test.context.SpringBootTestContextBootstrapper - Found @SpringBootConfiguration com.ahmed.Calculator.CalculatorApplication for test class com.ahmed.Calculator.CalculatorApplicationTests
09:41:10.834 [Test worker] DEBUG org.springframework.boot.test.context.SpringBootTestContextBootstrapper - @TestExecutionListeners is not present for class [com.ahmed.Calculator.CalculatorApplicationTests]: using defaults.
09:41:10.834 [Test worker] INFO org.springframework.boot.test.context.SpringBootTestContextBootstrapper - Loaded default TestExecutionListener class names from location [META-INF/spring.factories]: [org.springframework.boot.test.autoconfigure.restdocs.RestDocsTestExecutionListener, org.springframework.boot.test.autoconfigure.web.client.MockRestServiceServerResetTestExecutionListener, org.springframework.boot.test.autoconfigure.web.servlet.MockMvcPrintOnlyOnFailureTestExecutionListener, org.springframework.boot.test.autoconfigure.web.servlet.WebDriverTestExecutionListener, org.springframework.boot.test.autoconfigure.webservices.client.MockWebServiceServerTestExecutionListener, org.springframework.boot.test.mock.mockito.MockitoTestExecutionListener, org.springframework.boot.test.mock.mockito.ResetMocksTestExecutionListener, org.springframework.test.context.web.ServletTestExecutionListener, org.springframework.test.context.support.DirtiesContextBeforeModesTestExecutionListener, org.springframework.test.context.event.ApplicationEventsTestExecutionListener, org.springframework.test.context.support.DependencyInjectionTestExecutionListener, org.springframework.test.context.support.DirtiesContextTestExecutionListener, org.springframework.test.context.transaction.TransactionalTestExecutionListener, org.springframework.test.context.jdbc.SqlScriptsTestExecutionListener, org.springframework.test.context.event.EventPublishingTestExecutionListener]
09:41:10.846 [Test worker] DEBUG org.springframework.boot.test.context.SpringBootTestContextBootstrapper - Skipping candidate TestExecutionListener [org.springframework.test.context.web.ServletTestExecutionListener] due to a missing dependency. Specify custom listener classes or make the default listener classes and their required dependencies available. Offending class: [javax/servlet/ServletContext]
09:41:10.848 [Test worker] DEBUG org.springframework.boot.test.context.SpringBootTestContextBootstrapper - Skipping candidate TestExecutionListener [org.springframework.test.context.transaction.TransactionalTestExecutionListener] due to a missing dependency. Specify custom listener classes or make the default listener classes and their required dependencies available. Offending class: [org/springframework/transaction/interceptor/TransactionAttributeSource]
09:41:10.848 [Test worker] DEBUG org.springframework.boot.test.context.SpringBootTestContextBootstrapper - Skipping candidate TestExecutionListener [org.springframework.test.context.jdbc.SqlScriptsTestExecutionListener] due to a missing dependency. Specify custom listener classes or make the default listener classes and their required dependencies available. Offending class: [org/springframework/transaction/interceptor/TransactionAttribute]
09:41:10.849 [Test worker] INFO org.springframework.boot.test.context.SpringBootTestContextBootstrapper - Using TestExecutionListeners: [org.springframework.test.context.support.DirtiesContextBeforeModesTestExecutionListener@ea52184, org.springframework.test.context.event.ApplicationEventsTestExecutionListener@3e7b65d7, org.springframework.boot.test.mock.mockito.MockitoTestExecutionListener@3c854752, org.springframework.boot.test.autoconfigure.SpringBootDependencyInjectionTestExecutionListener@3ddeaa5f, org.springframework.test.context.support.DirtiesContextTestExecutionListener@1a500561, org.springframework.test.context.event.EventPublishingTestExecutionListener@7f608e21, org.springframework.boot.test.autoconfigure.restdocs.RestDocsTestExecutionListener@6949e948, org.springframework.boot.test.autoconfigure.web.client.MockRestServiceServerResetTestExecutionListener@210d2a6c, org.springframework.boot.test.autoconfigure.web.servlet.MockMvcPrintOnlyOnFailureTestExecutionListener@3bec5821, org.springframework.boot.test.autoconfigure.web.servlet.WebDriverTestExecutionListener@4086d8fb, org.springframework.boot.test.autoconfigure.webservices.client.MockWebServiceServerTestExecutionListener@66236a0a, org.springframework.boot.test.mock.mockito.ResetMocksTestExecutionListener@2e3572e8]
09:41:10.853 [Test worker] DEBUG org.springframework.test.context.support.AbstractDirtiesContextTestExecutionListener - Before test class: context [DefaultTestContext@cb39552 testClass = CalculatorApplicationTests, testInstance = [null], testMethod = [null], testException = [null], mergedContextConfiguration = [ReactiveWebMergedContextConfiguration@1f3b992 testClass = CalculatorApplicationTests, locations = '{}', classes = '{class com.ahmed.Calculator.CalculatorApplication}', contextInitializerClasses = '[]', activeProfiles = '{}', propertySourceLocations = '{}', propertySourceProperties = '{org.springframework.boot.test.context.SpringBootTestContextBootstrapper=true, server.port=0}', contextCustomizers = set[org.springframework.boot.test.autoconfigure.actuate.metrics.MetricsExportContextCustomizerFactory$DisableMetricExportContextCustomizer@6de0f580, org.springframework.boot.test.autoconfigure.properties.PropertyMappingContextCustomizer@0, org.springframework.boot.test.autoconfigure.web.servlet.WebDriverContextCustomizerFactory$Customizer@64a4dd8d, org.springframework.boot.test.context.filter.ExcludeFilterContextCustomizer@af9a89f, org.springframework.boot.test.json.DuplicateJsonObjectContextCustomizerFactory$DuplicateJsonObjectContextCustomizer@1cb37ee4, org.springframework.boot.test.mock.mockito.MockitoContextCustomizer@0, org.springframework.boot.test.web.client.TestRestTemplateContextCustomizer@7b4acdc2, org.springframework.boot.test.web.reactive.server.WebTestClientContextCustomizer@7f572c37, org.springframework.boot.test.context.SpringBootTestArgs@1, org.springframework.boot.test.context.SpringBootTestWebEnvironment@14c01636], contextLoader = 'org.springframework.boot.test.context.SpringBootContextLoader', parent = [null]], attributes = map['org.springframework.test.context.web.ServletTestExecutionListener.activateListener' -> false]], class annotated with @DirtiesContext [false] with mode [null].
09:41:10.878 [Test worker] DEBUG org.springframework.test.context.support.DependencyInjectionTestExecutionListener - Performing dependency injection for test context [[DefaultTestContext@cb39552 testClass = CalculatorApplicationTests, testInstance = com.ahmed.Calculator.CalculatorApplicationTests@17aa8a11, testMethod = [null], testException = [null], mergedContextConfiguration = [ReactiveWebMergedContextConfiguration@1f3b992 testClass = CalculatorApplicationTests, locations = '{}', classes = '{class com.ahmed.Calculator.CalculatorApplication}', contextInitializerClasses = '[]', activeProfiles = '{}', propertySourceLocations = '{}', propertySourceProperties = '{org.springframework.boot.test.context.SpringBootTestContextBootstrapper=true, server.port=0}', contextCustomizers = set[org.springframework.boot.test.autoconfigure.actuate.metrics.MetricsExportContextCustomizerFactory$DisableMetricExportContextCustomizer@6de0f580, org.springframework.boot.test.autoconfigure.properties.PropertyMappingContextCustomizer@0, org.springframework.boot.test.autoconfigure.web.servlet.WebDriverContextCustomizerFactory$Customizer@64a4dd8d, org.springframework.boot.test.context.filter.ExcludeFilterContextCustomizer@af9a89f, org.springframework.boot.test.json.DuplicateJsonObjectContextCustomizerFactory$DuplicateJsonObjectContextCustomizer@1cb37ee4, org.springframework.boot.test.mock.mockito.MockitoContextCustomizer@0, org.springframework.boot.test.web.client.TestRestTemplateContextCustomizer@7b4acdc2, org.springframework.boot.test.web.reactive.server.WebTestClientContextCustomizer@7f572c37, org.springframework.boot.test.context.SpringBootTestArgs@1, org.springframework.boot.test.context.SpringBootTestWebEnvironment@14c01636], contextLoader = 'org.springframework.boot.test.context.SpringBootContextLoader', parent = [null]], attributes = map['org.springframework.test.context.web.ServletTestExecutionListener.activateListener' -> false, 'org.springframework.test.context.event.ApplicationEventsTestExecutionListener.recordApplicationEvents' -> false]]].

  .   ____          _            __ _ _
 /\\ / ___'_ __ _ _(_)_ __  __ _ \ \ \ \
( ( )\___ | '_ | '_| | '_ \/ _` | \ \ \ \
 \\/  ___)| |_)| | | | | || (_| |  ) ) ) )
  '  |____| .__|_| |_|_| |_\__, | / / / /
 =========|_|==============|___/=/_/_/_/
 :: Spring Boot ::                (v2.7.5)

2023-03-22 09:41:11.623  INFO 13326 --- [    Test worker] c.a.C.CalculatorApplicationTests         : Starting CalculatorApplicationTests using Java 16.0.2 on MacBook-Pro-som-tillhor-Ahmed.local with PID 13326 (started by ahmedhb in /Users/ahmedhb/Course/Continuous-Delivery-With-Docker-and-Jenkins-3rd-Edition/Chapter05/test2MorePipeline/Calculator)
2023-03-22 09:41:11.626  INFO 13326 --- [    Test worker] c.a.C.CalculatorApplicationTests         : No active profile set, falling back to 1 default profile: "default"
2023-03-22 09:41:15.783  INFO 13326 --- [    Test worker] o.s.b.a.e.web.EndpointLinksResolver      : Exposing 1 endpoint(s) beneath base path '/actuator'
2023-03-22 09:41:16.530  INFO 13326 --- [    Test worker] o.s.b.web.embedded.netty.NettyWebServer  : Netty started on port 55014
2023-03-22 09:41:16.554  INFO 13326 --- [    Test worker] c.a.C.CalculatorApplicationTests         : Started CalculatorApplicationTests in 5.644 seconds (JVM running for 13.323)
]]></system-out>
  <system-err><![CDATA[]]></system-err>
</testsuite>
